[2026-04-22 13:37:59] GET    /todo-app-lab10/          → 302  (1ms)
[2026-04-22 13:38:01] GET    /todo-app-lab10/todos     → 200  (2440ms)
[2026-04-22 13:38:01] GET    /todo-app-lab10/todos     → 200  (7ms)
[2026-04-22 14:05:28] GET    /todo-app-lab10/todos     → 200  (45ms)
[2026-04-22 14:05:30] GET    /todo-app-lab10/lang/fr   → 302  (0ms)
[2026-04-22 14:05:30] GET    /todo-app-lab10/todos     → 200  (5ms)
[2026-04-22 14:07:01] GET    /todo-app-lab10/todos     → 200  (14ms)
[2026-04-22 14:07:04] GET    /todo-app-lab10/lang/en   → 302  (1ms)
[2026-04-22 14:07:04] GET    /todo-app-lab10/todos     → 200  (7ms)
[2026-04-22 14:07:05] GET    /todo-app-lab10/lang/fr   → 302  (0ms)
[2026-04-22 14:07:05] GET    /todo-app-lab10/todos     → 200  (5ms)
[2026-04-22 14:07:09] GET    /todo-app-lab10/todos     → 200  (9ms)
[2026-04-22 14:07:12] GET    /todo-app-lab10/todos     → 200  (8ms)
[2026-04-22 14:07:20] GET    /todo-app-lab10/todos     → 200  (8ms)
[2026-04-22 14:07:27] GET    /todo-app-lab10/todos     → 200  (8ms)
[2026-04-22 14:07:29] GET    /todo-app-lab10/lang/en   → 302  (0ms)
[2026-04-22 14:07:29] GET    /todo-app-lab10/todos     → 200  (5ms)
[2026-04-22 14:07:30] GET    /todo-app-lab10/lang/fr   → 302  (0ms)
[2026-04-22 14:07:30] GET    /todo-app-lab10/todos     → 200  (39ms)
[2026-04-22 14:07:31] GET    /todo-app-lab10/lang/en   → 302  (0ms)
[2026-04-22 14:07:31] GET    /todo-app-lab10/todos     → 200  (5ms)
[2026-04-22 14:07:32] GET    /todo-app-lab10/lang/fr   → 302  (0ms)
[2026-04-22 14:07:32] GET    /todo-app-lab10/todos     → 200  (5ms)
[2026-04-22 14:08:10] GET    /todo-app-lab10/todos     → 200  (13ms)
[2026-04-22 14:08:10] GET    /todo-app-lab10/todos     → 200  (6ms)
[2026-04-22 14:08:11] GET    /todo-app-lab10/todos     → 200  (5ms)
[2026-04-22 14:08:11] GET    /todo-app-lab10/todos     → 200  (5ms)
[2026-04-22 14:08:11] GET    /todo-app-lab10/todos     → 200  (5ms)
[2026-04-22 14:13:14] GET    /todo-app-lab10/todos     → 200  (27ms)
[2026-04-22 14:14:49] POST   /todo-app-lab10/todos     → 302  (39ms)
[2026-04-22 14:14:49] GET    /todo-app-lab10/todos     → 200  (11ms)
[2026-04-22 14:23:20] GET    /todo-app-lab10/otp-test  → 200  (159ms)
[2026-04-22 14:35:36] GET    /todo-app-lab10/otp-test  → 200  (2ms)
[2026-04-22 14:35:42] GET    /todo-app-lab10/          → 302  (1ms)
[2026-04-22 14:35:42] GET    /todo-app-lab10/todos     → 302  (0ms)
[2026-04-22 14:35:42] GET    /todo-app-lab10/auth      → 200  (102ms)
[2026-04-22 14:35:51] POST   /todo-app-lab10/auth/request → 200  (687ms)
[2026-04-22 14:40:18] GET    /todo-app-lab10/auth/verify → 200  (45ms)
[2026-04-22 14:41:53] GET    /todo-app-lab10/auth/verify → 200  (15ms)
[2026-04-22 14:41:58] POST   /todo-app-lab10/auth/request → 200  (31ms)
[2026-04-22 14:42:12] GET    /todo-app-lab10/auth/verify → 200  (9ms)
[2026-04-22 14:42:19] POST   /todo-app-lab10/auth/verify → 500  (252ms)
[2026-04-22 14:43:29] POST   /todo-app-lab10/auth/verify → 200  (42ms)
[2026-04-22 14:43:40] POST   /todo-app-lab10/auth/verify → 302  (1ms)
[2026-04-22 14:43:40] GET    /todo-app-lab10/todos     → 200  (18ms)
[2026-04-22 14:43:43] POST   /todo-app-lab10/auth/logout → 302  (10ms)
[2026-04-22 14:43:43] GET    /todo-app-lab10/auth      → 200  (8ms)
[2026-04-22 14:43:48] POST   /todo-app-lab10/auth/request → 200  (29ms)
[2026-04-22 14:43:49] GET    /todo-app-lab10/auth/verify → 200  (6ms)
[2026-04-22 14:43:51] POST   /todo-app-lab10/auth/verify → 200  (8ms)
[2026-04-22 15:29:56] GET    /todo-app-lab10/todos     → 302  (1ms)
[2026-04-22 15:29:57] GET    /todo-app-lab10/auth      → 200  (45ms)
[2026-04-22 15:31:59] GET    /todo-app-lab10/          → 302  (2ms)
[2026-04-22 15:31:59] GET    /todo-app-lab10/todos     → 302  (0ms)
[2026-04-22 15:31:59] GET    /todo-app-lab10/auth      → 200  (12ms)
[2026-04-22 15:32:02] POST   /todo-app-lab10/auth/request → 200  (30ms)
[2026-04-22 15:32:18] GET    /todo-app-lab10/auth/verify → 200  (8ms)
[2026-04-22 15:32:25] POST   /todo-app-lab10/auth/verify → 200  (13ms)
[2026-04-22 15:32:43] POST   /todo-app-lab10/auth/verify → 302  (1ms)
[2026-04-22 15:32:43] GET    /todo-app-lab10/todos     → 200  (19ms)
[2026-04-22 15:32:46] GET    /todo-app-lab10/lang/fr   → 302  (1ms)
[2026-04-22 15:32:46] GET    /todo-app-lab10/todos     → 200  (8ms)
[2026-04-22 15:33:01] GET    /todo-app-lab10/todos     → 200  (9ms)
[2026-04-22 15:33:06] GET    /todo-app-lab10/lang/en   → 302  (0ms)
[2026-04-22 15:33:06] GET    /todo-app-lab10/todos     → 200  (8ms)
[2026-04-22 15:33:07] GET    /todo-app-lab10/lang/en   → 302  (0ms)
[2026-04-22 15:33:07] GET    /todo-app-lab10/todos     → 200  (6ms)
[2026-04-22 15:33:08] GET    /todo-app-lab10/lang/fr   → 302  (0ms)
[2026-04-22 15:33:08] GET    /todo-app-lab10/todos     → 200  (6ms)
[2026-04-22 15:48:36] GET    /todo-app-lab10/todos     → 200  (13ms)
[2026-04-22 15:48:44] GET    /todo-app-lab10/todos     → 200  (13ms)
[2026-05-06 13:20:17] GET    /Toys4Us/                 → 404  (604ms)
[2026-05-06 13:21:36] GET    /Toys4Us/                 → 404  (15ms)
[2026-05-06 14:20:19] GET    /Toys4Us/                 → 302  (38ms)
[2026-05-06 14:20:19] GET    /Toys4Us/products         → 200  (350ms)
[2026-05-06 14:20:32] GET    /Toys4Us/lang/fr          → 302  (11ms)
[2026-05-06 14:20:32] GET    /Toys4Us/products         → 200  (137ms)
[2026-05-06 14:20:35] GET    /Toys4Us/lang/en          → 302  (4ms)
[2026-05-06 14:20:35] GET    /Toys4Us/products         → 200  (70ms)
[2026-05-06 14:20:37] GET    /Toys4Us/lang/fr          → 302  (0ms)
[2026-05-06 14:20:37] GET    /Toys4Us/products         → 200  (26ms)
[2026-05-06 14:20:46] GET    /Toys4Us/lang/en          → 302  (5ms)
[2026-05-06 14:20:46] GET    /Toys4Us/products         → 200  (77ms)
[2026-05-06 14:20:48] GET    /Toys4Us/lang/fr          → 302  (0ms)
[2026-05-06 14:20:48] GET    /Toys4Us/products         → 200  (29ms)
[2026-05-06 14:20:50] GET    /Toys4Us/lang/en          → 302  (5ms)
[2026-05-06 14:20:50] GET    /Toys4Us/products         → 200  (69ms)
[2026-05-07 12:54:06] GET    /Toys4Us/cart             → 200  (1334ms)
[2026-05-10 23:23:52] GET    /Toys4Us/                 → 302  (126ms)
[2026-05-10 23:23:54] GET    /Toys4Us/products         → 200  (1290ms)
[2026-05-10 23:33:48] GET    /Toys4Us/products         → 200  (136ms)
[2026-05-11 00:01:00] GET    /Toys4Us/                 → 200  (105ms)
[2026-05-11 00:01:03] GET    /Toys4Us/                 → 200  (62ms)
[2026-05-11 00:01:10] GET    /Toys4Us/                 → 200  (80ms)
[2026-05-11 00:01:12] GET    /Toys4Us/products         → 200  (33ms)
[2026-05-11 00:01:14] GET    /Toys4Us/build            → 200  (41ms)
[2026-05-11 00:01:15] GET    /Toys4Us/about            → 200  (18ms)
[2026-05-11 00:01:17] GET    /Toys4Us/                 → 200  (36ms)
[2026-05-11 00:01:18] GET    /Toys4Us/about            → 200  (32ms)
[2026-05-11 00:01:19] GET    /Toys4Us/build            → 200  (27ms)
[2026-05-11 00:01:20] GET    /Toys4Us/products         → 200  (59ms)
[2026-05-11 00:01:22] GET    /Toys4Us/                 → 200  (18ms)
[2026-05-11 00:01:26] GET    /Toys4Us/lang/fr          → 302  (3ms)
[2026-05-11 00:01:26] GET    /Toys4Us/products         → 200  (62ms)
[2026-05-11 00:01:30] GET    /Toys4Us/                 → 200  (38ms)
[2026-05-11 00:01:33] GET    /Toys4Us/products         → 200  (45ms)
[2026-05-11 00:01:39] GET    /Toys4Us/build            → 200  (41ms)
[2026-05-11 00:01:42] GET    /Toys4Us/about            → 200  (37ms)
[2026-05-11 00:01:44] GET    /Toys4Us/lang/en          → 302  (1ms)
[2026-05-11 00:01:44] GET    /Toys4Us/products         → 200  (48ms)
[2026-05-11 00:17:19] GET    /Toys4Us/                 → 200  (101ms)
[2026-05-11 00:17:44] GET    /Toys4Us/                 → 200  (85ms)
[2026-05-11 00:17:45] GET    /Toys4Us/products         → 200  (34ms)
[2026-05-11 00:17:48] GET    /Toys4Us/                 → 200  (51ms)
[2026-05-11 00:17:50] GET    /Toys4Us/build            → 200  (22ms)
[2026-05-11 00:17:52] GET    /Toys4Us/about            → 200  (41ms)
[2026-05-11 00:17:54] GET    /Toys4Us/                 → 200  (29ms)
[2026-05-11 00:18:00] GET    /Toys4Us/products         → 200  (66ms)
[2026-05-11 00:18:02] GET    /Toys4Us/                 → 200  (29ms)
[2026-05-11 00:18:27] GET    /Toys4Us/products         → 200  (59ms)
[2026-05-11 00:18:28] GET    /Toys4Us/build            → 200  (20ms)
[2026-05-11 00:18:30] GET    /Toys4Us/about            → 200  (48ms)
[2026-05-11 00:18:37] GET    /Toys4Us/                 → 200  (50ms)
[2026-05-11 00:18:42] GET    /Toys4Us/build            → 200  (35ms)
[2026-05-11 00:18:47] GET    /Toys4Us/                 → 200  (51ms)
[2026-05-11 06:43:08] GET    /toys4usold/              → 404  (7ms)
[2026-05-11 06:47:02] GET    /toys4usold/              → 404  (2ms)
[2026-05-11 06:47:02] GET    /toys4usold/              → 404  (0ms)
[2026-05-11 06:47:03] GET    /toys4usold/              → 404  (1ms)
[2026-05-11 06:47:48] GET    /toys4usold/              → 404  (1ms)
[2026-05-11 06:49:30] GET    /Toys4Us/                 → 200  (40ms)
[2026-05-11 06:49:32] GET    /Toys4Us/                 → 200  (5ms)
[2026-05-11 06:49:33] GET    /Toys4Us/                 → 200  (7ms)
[2026-05-11 06:49:36] GET    /Toys4Us/                 → 200  (6ms)
[2026-05-11 06:49:37] GET    /Toys4Us/                 → 200  (5ms)
[2026-05-11 06:49:37] GET    /Toys4Us/                 → 200  (5ms)
[2026-05-11 06:49:38] GET    /Toys4Us/                 → 200  (5ms)
[2026-05-11 06:49:38] GET    /Toys4Us/                 → 200  (6ms)
[2026-05-11 06:49:38] GET    /Toys4Us/                 → 200  (5ms)
[2026-05-11 06:49:38] GET    /Toys4Us/                 → 200  (5ms)
[2026-05-11 06:49:38] GET    /Toys4Us/                 → 200  (5ms)
[2026-05-11 06:49:38] GET    /Toys4Us/                 → 200  (5ms)
[2026-05-11 06:49:41] GET    /Toys4Us/                 → 200  (6ms)
[2026-05-11 06:49:42] GET    /Toys4Us/                 → 200  (5ms)
[2026-05-11 06:49:43] GET    /Toys4Us/                 → 200  (5ms)
[2026-05-11 06:49:46] GET    /Toys4Us/products/1       → 200  (13ms)
[2026-05-11 06:49:50] GET    /Toys4Us/lang/en          → 302  (0ms)
[2026-05-11 06:49:50] GET    /Toys4Us/products         → 200  (10ms)
[2026-05-11 06:49:51] GET    /Toys4Us/cart             → 200  (11ms)
[2026-05-11 06:49:53] GET    /Toys4Us/lang/fr          → 302  (0ms)
[2026-05-11 06:49:53] GET    /Toys4Us/products         → 200  (6ms)
[2026-05-11 06:49:55] GET    /Toys4Us/lang/en          → 302  (0ms)
[2026-05-11 06:49:55] GET    /Toys4Us/products         → 200  (4ms)
[2026-05-11 06:49:56] GET    /Toys4Us/                 → 200  (7ms)
[2026-05-11 06:49:57] GET    /Toys4Us/products         → 200  (5ms)
[2026-05-11 06:49:58] GET    /Toys4Us/build            → 200  (8ms)
[2026-05-11 06:49:58] GET    /Toys4Us/about            → 200  (8ms)
[2026-05-11 06:50:00] GET    /Toys4Us/products         → 200  (6ms)
[2026-05-11 06:50:01] GET    /Toys4Us/                 → 200  (5ms)
[2026-05-11 06:50:02] GET    /Toys4Us/build            → 200  (4ms)
[2026-05-11 06:50:06] GET    /Toys4Us/                 → 200  (7ms)
[2026-05-11 06:55:33] GET    /Toys4Us/                 → 200  (9ms)
[2026-05-11 06:55:33] GET    /Toys4Us/                 → 200  (6ms)
[2026-05-11 06:55:33] GET    /Toys4Us/                 → 200  (6ms)
[2026-05-11 06:55:34] GET    /Toys4Us/                 → 200  (5ms)
[2026-05-11 06:55:34] GET    /Toys4Us/products         → 200  (5ms)
[2026-05-11 06:55:35] GET    /Toys4Us/build            → 200  (5ms)
[2026-05-11 06:55:35] GET    /Toys4Us/about            → 200  (4ms)
[2026-05-11 06:55:36] GET    /Toys4Us/                 → 200  (6ms)
[2026-05-11 06:55:37] GET    /Toys4Us/                 → 200  (5ms)
[2026-05-11 06:55:37] GET    /Toys4Us/                 → 200  (5ms)
[2026-05-11 06:55:37] GET    /Toys4Us/                 → 200  (5ms)
[2026-05-11 06:55:38] GET    /Toys4Us/products         → 200  (6ms)
[2026-05-11 06:55:38] GET    /Toys4Us/build            → 200  (4ms)
[2026-05-11 06:55:38] GET    /Toys4Us/about            → 200  (4ms)
[2026-05-11 06:55:39] GET    /Toys4Us/                 → 200  (5ms)
[2026-05-11 07:14:40] GET    /Toys4Us/                 → 200  (10ms)
[2026-05-11 07:14:41] GET    /Toys4Us/                 → 200  (5ms)
[2026-05-11 07:14:42] GET    /Toys4Us/                 → 200  (5ms)
[2026-05-11 07:15:22] GET    /Toys4Us/                 → 200  (7ms)
[2026-05-11 07:16:52] GET    /Toys4Us/                 → 200  (14ms)
[2026-05-11 07:18:25] GET    /Toys4Us/                 → 200  (52ms)
[2026-05-11 07:18:25] GET    /Toys4Us/                 → 200  (5ms)
[2026-05-11 07:18:25] GET    /Toys4Us/                 → 200  (5ms)
[2026-05-11 07:18:26] GET    /Toys4Us/                 → 200  (5ms)
[2026-05-11 07:18:27] GET    /Toys4Us/                 → 200  (5ms)
[2026-05-11 07:18:27] GET    /Toys4Us/                 → 200  (5ms)
[2026-05-11 07:18:27] GET    /Toys4Us/                 → 200  (5ms)
[2026-05-11 07:18:28] GET    /Toys4Us/about            → 200  (5ms)
[2026-05-11 07:18:30] GET    /Toys4Us/                 → 200  (5ms)
[2026-05-11 07:18:31] GET    /Toys4Us/                 → 200  (6ms)
[2026-05-11 07:18:31] GET    /Toys4Us/                 → 200  (5ms)
[2026-05-11 07:18:31] GET    /Toys4Us/                 → 200  (5ms)
[2026-05-11 07:18:32] GET    /Toys4Us/products         → 200  (10ms)
[2026-05-11 07:18:32] GET    /Toys4Us/build            → 200  (3ms)
[2026-05-11 07:18:33] GET    /Toys4Us/about            → 200  (4ms)
[2026-05-11 07:18:34] GET    /Toys4Us/                 → 200  (6ms)
[2026-05-11 07:18:34] GET    /Toys4Us/                 → 200  (5ms)
[2026-05-11 07:18:35] GET    /Toys4Us/                 → 200  (5ms)
[2026-05-11 07:18:35] GET    /Toys4Us/                 → 200  (5ms)
